
> portfolio@1.0.0 dev
> next dev

   ▲ Next.js 15.4.6
   - Local:        http://localhost:3000
   - Network:      http://192.168.10.178:3000

 ✓ Starting...
 ✓ Ready in 1931ms
 ○ Compiling / ...
 ✓ Compiled / in 3.2s (1417 modules)
 GET / 200 in 3751ms
 ✓ Compiled in 171ms (648 modules)
 GET / 200 in 79ms
 ⚠ Cross origin request detected from 192.168.10.178 to /_next/* resource. In a future major version of Next.js, you will need to explicitly configure "allowedDevOrigins" in next.config to allow this.
Read more: https://nextjs.org/docs/app/api-reference/config/next-config-js/allowedDevOrigins
 ✓ Compiled in 506ms (1417 modules)
 GET / 200 in 109ms
 ✓ Compiled in 441ms (1417 modules)
 GET / 200 in 126ms
 ✓ Compiled /_not-found in 307ms (1408 modules)
 GET /works/cnp-traca 404 in 410ms
 GET /works/cnp-traca 404 in 227ms
 GET / 200 in 89ms
 GET / 200 in 65ms
 GET /works/cnp-traca 404 in 13ms
 GET /works/cnp-traca 404 in 35ms
 GET / 200 in 64ms
 ✓ Compiled /works/shin-community in 357ms (1435 modules)
 GET /works/shin-community 200 in 448ms
 ✓ Compiled /works/ai-reply-assistant in 368ms (1454 modules)
 GET /works/ai-reply-assistant 200 in 444ms
 ✓ Compiled /contact in 244ms (1470 modules)
 GET /contact 200 in 338ms
 ✓ Compiled in 1048ms (1484 modules)
 GET /works/ai-reply-assistant 200 in 125ms
 ✓ Compiled /_not-found in 360ms (1489 modules)
 GET /works/cnp-traca 404 in 475ms
 GET /works/cnp-traca 404 in 14ms
 GET /works/cnp-traca 404 in 209ms
 GET / 200 in 90ms
 ✓ Compiled in 776ms (1484 modules)
 GET / 200 in 134ms
 ✓ Compiled in 223ms (677 modules)
 ✓ Compiled in 366ms (1484 modules)
 GET / 200 in 380ms
 ○ Compiling /works/cnp-treca ...
 ✓ Compiled /works/cnp-treca in 810ms (1481 modules)
 GET /works/cnp-treca 200 in 901ms
 GET /works/ai-reply-assistant 200 in 228ms
 GET /works/cnp-treca 200 in 29ms
 ✓ Compiled in 673ms (1495 modules)
 GET /works/cnp-treca 200 in 368ms
 GET / 200 in 23ms
 GET /works/cnp-treca 200 in 16ms
 ✓ Compiled in 725ms (1495 modules)
 GET /works/cnp-treca 200 in 118ms
 ✓ Compiled in 588ms (1495 modules)
 GET /works/cnp-treca 200 in 81ms
 ✓ Compiled in 365ms (1495 modules)
 GET /works/cnp-treca 200 in 98ms
 ✓ Compiled in 455ms (1495 modules)
 GET /works/cnp-treca 200 in 92ms
 ✓ Compiled in 372ms (1495 modules)
 GET /works/cnp-treca 200 in 76ms
 GET /works/cnp-treca 200 in 265ms
 GET / 200 in 20ms
 GET /works/cnp-treca 200 in 16ms
 GET /works/cnp-treca 200 in 15ms
 ✓ Compiled in 607ms (1495 modules)
 GET /works/cnp-treca 200 in 137ms
 ✓ Compiled in 345ms (1495 modules)
 GET /works/cnp-treca 200 in 107ms
 ✓ Compiled in 641ms (1495 modules)
 GET /works/cnp-treca 200 in 117ms
 ✓ Compiled in 393ms (1495 modules)
 GET /works/cnp-treca 200 in 78ms
 GET / 200 in 32ms
